#
# There is insufficient memory for the Java Runtime Environment to continue.
# Native memory allocation (malloc) failed to allocate 1048576 bytes for AllocateHeap
# Possible reasons:
#   The system is out of physical RAM or swap space
#   The process is running with CompressedOops enabled, and the Java Heap may be blocking the growth of the native heap
# Possible solutions:
#   Reduce memory load on the system
#   Increase physical memory or swap space
#   Check if swap backing store is full
#   Decrease Java heap size (-Xmx/-Xms)
#   Decrease number of Java threads
#   Decrease Java thread stack sizes (-Xss)
#   Set larger code cache with -XX:ReservedCodeCacheSize=
#   JVM is running with Unscaled Compressed Oops mode in which the Java heap is
#     placed in the first 4GB address space. The Java Heap base address is the
#     maximum limit for the native heap growth. Please use -XX:HeapBaseMinAddress
#     to set the Java Heap base and to place the Java Heap above 4GB virtual address.
# This output file may be truncated or incomplete.
#
#  Out of Memory Error (memory/allocation.inline.hpp:61), pid=10040, tid=0x0000000000002bd4
#
# JRE version:  (8.0_202-b08) (build )
# Java VM: Java HotSpot(TM) 64-Bit Server VM (25.202-b08 mixed mode windows-amd64 compressed oops)
# Failed to write core dump. Minidumps are not enabled by default on client versions of Windows
#

---------------  T H R E A D  ---------------

Current thread (0x00000000031e4800):  JavaThread "Unknown thread" [_thread_in_vm, id=11220, stack(0x0000000002de0000,0x0000000002ee0000)]

Stack: [0x0000000002de0000,0x0000000002ee0000]
[error occurred during error reporting (printing stack bounds), id 0xc0000005]

Native frames: (J=compiled Java code, j=interpreted, Vv=VM code, C=native code)


---------------  P R O C E S S  ---------------

Java Threads: ( => current thread )

Other Threads:

=>0x00000000031e4800 (exited) JavaThread "Unknown thread" [_thread_in_vm, id=11220, stack(0x0000000002de0000,0x0000000002ee0000)]

VM state:not at safepoint (normal execution)

VM Mutex/Monitor currently owned by a thread: None

heap address: 0x00000000c1600000, size: 1002 MB, Compressed Oops mode: 32-bit
Narrow klass base: 0x0000000000000000, Narrow klass shift: 3
Compressed class space size: 1073741824 Address: 0x0000000100000000

Heap:
 PSYoungGen      total 18944K, used 327K [0x00000000eb200000, 0x00000000ec700000, 0x0000000100000000)
  eden space 16384K, 2% used [0x00000000eb200000,0x00000000eb251ec8,0x00000000ec200000)
  from space 2560K, 0% used [0x00000000ec480000,0x00000000ec480000,0x00000000ec700000)
  to   space 2560K, 0% used [0x00000000ec200000,0x00000000ec200000,0x00000000ec480000)
 ParOldGen       total 44032K, used 0K [0x00000000c1600000, 0x00000000c4100000, 0x00000000eb200000)
  object space 44032K, 0% used [0x00000000c1600000,0x00000000c1600000,0x00000000c4100000)
 Metaspace       used 786K, capacity 1156K, committed 1408K, reserved 1060864K
  class space    used 76K, capacity 384K, committed 384K, reserved 1048576K

Card table byte_map: [0x00000000126a0000,0x00000000128a0000] byte_map_base: 0x0000000012095000

Marking Bits: (ParMarkBitMap*) 0x0000000052bf5ce0
 Begin Bits: [0x0000000012df0000, 0x0000000013d98000)
 End Bits:   [0x0000000013d98000, 0x0000000014d40000)

Polling page: 0x00000000014c0000

CodeCache: size=245760Kb used=328Kb max_used=328Kb free=245431Kb
 bounds [0x00000000032e0000, 0x0000000003550000, 0x00000000122e0000]
 total_blobs=58 nmethods=0 adapters=38
 compilation: enabled

Compilation events (0 events):
No events

GC Heap History (0 events):
No events

Deoptimization events (0 events):
No events

Classes redefined (0 events):
No events

Internal exceptions (0 events):
No events

Events (10 events):
Event: 0.232 loading class java/lang/Short
Event: 0.233 loading class java/lang/Short done
Event: 0.233 loading class java/lang/Integer
Event: 0.233 loading class java/lang/Integer done
Event: 0.233 loading class java/lang/Long
Event: 0.235 loading class java/lang/Long done
Event: 0.237 loading class java/lang/NullPointerException
Event: 0.237 loading class java/lang/NullPointerException done
Event: 0.237 loading class java/lang/ArithmeticException
Event: 0.237 loading class java/lang/ArithmeticException done


Dynamic libraries:
0x00007ff6ca890000 - 0x00007ff6ca8c7000 	C:\Program Files\Java\jdk1.8.0_202\bin\java.exe
0x00007ff900d00000 - 0x00007ff900eed000 	C:\Windows\SYSTEM32\ntdll.dll
0x00007ff8f5b80000 - 0x00007ff8f5b92000 	C:\Program Files\AVAST Software\Avast\aswhook.dll
0x00007ff8fdfd0000 - 0x00007ff8fe083000 	C:\Windows\System32\KERNEL32.DLL
0x00007ff8fd1c0000 - 0x00007ff8fd454000 	C:\Windows\System32\KERNELBASE.dll
0x00007ff8fdf20000 - 0x00007ff8fdfc3000 	C:\Windows\System32\ADVAPI32.dll
0x00007ff8ffb10000 - 0x00007ff8ffbae000 	C:\Windows\System32\msvcrt.dll
0x00007ff9002f0000 - 0x00007ff90038e000 	C:\Windows\System32\sechost.dll
0x00007ff8ff970000 - 0x00007ff8ffa92000 	C:\Windows\System32\RPCRT4.dll
0x00007ff8ffe20000 - 0x00007ff8fffb7000 	C:\Windows\System32\USER32.dll
0x00007ff8fd460000 - 0x00007ff8fd480000 	C:\Windows\System32\win32u.dll
0x00007ff8fe1d0000 - 0x00007ff8fe1f9000 	C:\Windows\System32\GDI32.dll
0x00007ff8fcf80000 - 0x00007ff8fd11c000 	C:\Windows\System32\gdi32full.dll
0x00007ff8fd120000 - 0x00007ff8fd1c0000 	C:\Windows\System32\msvcp_win.dll
0x00007ff8fce80000 - 0x00007ff8fcf7a000 	C:\Windows\System32\ucrtbase.dll
0x00007ff8eece0000 - 0x00007ff8eef59000 	C:\Windows\WinSxS\amd64_microsoft.windows.common-controls_6595b64144ccf1df_6.0.17763.1457_none_de7243e4534a70d1\COMCTL32.dll
0x00007ff900940000 - 0x00007ff900c6d000 	C:\Windows\System32\combase.dll
0x00007ff8fdea0000 - 0x00007ff8fdf1e000 	C:\Windows\System32\bcryptPrimitives.dll
0x00007ff8ffbb0000 - 0x00007ff8ffbde000 	C:\Windows\System32\IMM32.DLL
0x0000000052c80000 - 0x0000000052d52000 	C:\Program Files\Java\jdk1.8.0_202\jre\bin\msvcr100.dll
0x00000000523d0000 - 0x0000000052c75000 	C:\Program Files\Java\jdk1.8.0_202\jre\bin\server\jvm.dll
0x00007ff8fe160000 - 0x00007ff8fe168000 	C:\Windows\System32\PSAPI.DLL
0x00007ff8ec6e0000 - 0x00007ff8ec6e9000 	C:\Windows\SYSTEM32\WSOCK32.dll
0x00007ff8ffaa0000 - 0x00007ff8ffb0d000 	C:\Windows\System32\WS2_32.dll
0x00007ff8f9a40000 - 0x00007ff8f9a64000 	C:\Windows\SYSTEM32\WINMM.dll
0x00007ff8f4710000 - 0x00007ff8f471a000 	C:\Windows\SYSTEM32\VERSION.dll
0x00007ff8f9a10000 - 0x00007ff8f9a3d000 	C:\Windows\SYSTEM32\WINMMBASE.dll
0x00007ff8fce30000 - 0x00007ff8fce7a000 	C:\Windows\System32\cfgmgr32.dll
0x00007ff8f9890000 - 0x00007ff8f989f000 	C:\Program Files\Java\jdk1.8.0_202\jre\bin\verify.dll
0x00007ff8f9540000 - 0x00007ff8f9569000 	C:\Program Files\Java\jdk1.8.0_202\jre\bin\java.dll
0x00007ff8f2690000 - 0x00007ff8f26b3000 	C:\Program Files\Java\jdk1.8.0_202\jre\bin\instrument.dll
0x00007ff8f2e00000 - 0x00007ff8f2e16000 	C:\Program Files\Java\jdk1.8.0_202\jre\bin\zip.dll

VM Arguments:
jvm_args: -ea -Didea.test.cyclic.buffer.size=1048576 -javaagent:C:\Program Files\JetBrains\IntelliJ IDEA Community Edition 2020.3\lib\idea_rt.jar=56670:C:\Program Files\JetBrains\IntelliJ IDEA Community Edition 2020.3\bin -Dfile.encoding=UTF-8 
java_command: com.intellij.rt.junit.JUnitStarter -ideVersion5 -junit4 baseTest,firstTest
java_class_path (initial): C:\Program Files\JetBrains\IntelliJ IDEA Community Edition 2020.3\lib\idea_rt.jar;C:\Program Files\JetBrains\IntelliJ IDEA Community Edition 2020.3\plugins\junit\lib\junit5-rt.jar;C:\Program Files\JetBrains\IntelliJ IDEA Community Edition 2020.3\plugins\junit\lib\junit-rt.jar;C:\Program Files\Java\jdk1.8.0_202\jre\lib\charsets.jar;C:\Program Files\Java\jdk1.8.0_202\jre\lib\deploy.jar;C:\Program Files\Java\jdk1.8.0_202\jre\lib\ext\access-bridge-64.jar;C:\Program Files\Java\jdk1.8.0_202\jre\lib\ext\cldrdata.jar;C:\Program Files\Java\jdk1.8.0_202\jre\lib\ext\dnsns.jar;C:\Program Files\Java\jdk1.8.0_202\jre\lib\ext\jaccess.jar;C:\Program Files\Java\jdk1.8.0_202\jre\lib\ext\jfxrt.jar;C:\Program Files\Java\jdk1.8.0_202\jre\lib\ext\localedata.jar;C:\Program Files\Java\jdk1.8.0_202\jre\lib\ext\nashorn.jar;C:\Program Files\Java\jdk1.8.0_202\jre\lib\ext\sunec.jar;C:\Program Files\Java\jdk1.8.0_202\jre\lib\ext\sunjce_provider.jar;C:\Program Files\Java\jdk1.8.0_202\jre\lib\ext\sunmscapi.jar;C:\Program Files\Java\jdk1.8.0_202\jre\lib\ext\sunpkcs11.jar;C:\Program Files\Java\jdk1.8.0_202\jre\lib\ext\zipfs.jar;C:\Program Files\Java\jdk1.8.0_202\jre\lib\javaws.jar;C:\Program Files\Java\jdk1.8.0_202\jre\lib\jce.jar;C:\Program Files\Java\jdk1.8.0_202\jre\lib\jfr.jar;C:\Program Files\Java\jdk1.8.0_202\jre\lib\jfxswt.jar;C:\Program Files\Java\jdk1.8.0_202\jre\lib\jsse.jar;C:\Program Files\Java\jdk1.8.0_202\jre\lib\management-agent.jar;C:\Program Files\Java\jdk1.8.0_202\jre\lib\plugin.jar;C:\Program Files\Java\jdk1.8.0_202\jre\lib\resources.jar;C:\Program Files\Java\jdk1.8.0_202\jre\lib\rt.jar;C:\Users\Administrator\IdeaProjects\Milos Stevanovic\target\test-classes;C:\Users\Administrator\.m2\repository\junit\junit\4.8.1\junit-4.8.1.jar;C:\Users\Administrator\.m2\repository\org\seleniumhq\selenium\selenium-java\3.141.59\selenium-java-3.141.59.jar;C:\Users\Administrator\.m2\repository\org\seleniumhq\selenium\selenium-api\3.141.59\selenium-api-3.141.59.jar;C:\Us
Launcher Type: SUN_STANDARD

Environment Variables:
PATH=C:\Program Files (x86)\Common Files\Oracle\Java\javapath;C:\Windows\system32;C:\Windows;C:\Windows\System32\Wbem;C:\Windows\System32\WindowsPowerShell\v1.0\;C:\Windows\System32\OpenSSH\;C:\Users\Administrator\AppData\Local\Microsoft\WindowsApps;
USERNAME=Administrator
OS=Windows_NT
PROCESSOR_IDENTIFIER=Intel64 Family 6 Model 69 Stepping 1, GenuineIntel



---------------  S Y S T E M  ---------------

OS: Windows 10.0 , 64 bit Build 17763 (10.0.17763.475)

CPU:total 4 (initial active 4) (2 cores per cpu, 2 threads per core) family 6 model 69 stepping 1, cmov, cx8, fxsr, mmx, sse, sse2, sse3, ssse3, sse4.1, sse4.2, popcnt, avx, avx2, aes, clmul, erms, lzcnt, ht, tsc, tscinvbit, bmi1, bmi2

Memory: 4k page, physical 4096180k(506996k free), swap 5669044k(4960k free)

vm_info: Java HotSpot(TM) 64-Bit Server VM (25.202-b08) for windows-amd64 JRE (1.8.0_202-b08), built on Dec 15 2018 19:54:30 by "java_re" with MS VC++ 10.0 (VS2010)

time: Fri Jan 08 19:46:35 2021
timezone: Central Europe Standard Time
elapsed time: 0 seconds (0d 0h 0m 0s)

